[debug] [2020-09-13T20:50:46.174Z] ----------------------------------------------------------------------
[debug] [2020-09-13T20:50:46.177Z] Command:       C:\Program Files\nodejs\node.exe C:\Users\faszh\AppData\Roaming\npm\node_modules\firebase-tools\lib\bin\firebase.js init
[debug] [2020-09-13T20:50:46.177Z] CLI Version:   8.10.0
[debug] [2020-09-13T20:50:46.177Z] Platform:      win32
[debug] [2020-09-13T20:50:46.178Z] Node Version:  v10.16.3
[debug] [2020-09-13T20:50:46.179Z] Time:          Mon Sep 14 2020 02:20:46 GMT+0530 (India Standard Time)
[debug] [2020-09-13T20:50:46.179Z] ----------------------------------------------------------------------
[debug] [2020-09-13T20:50:46.179Z] 
[debug] [2020-09-13T20:50:46.189Z] > command requires scopes: ["email","openid","https://www.googleapis.com/auth/cloudplatformprojects.readonly","https://www.googleapis.com/auth/firebase","https://www.googleapis.com/auth/cloud-platform"]
[debug] [2020-09-13T20:50:46.190Z] > authorizing via signed-in user
[info] 
     ######## #### ########  ######## ########     ###     ######  ########
     ##        ##  ##     ## ##       ##     ##  ##   ##  ##       ##
     ######    ##  ########  ######   ########  #########  ######  ######
     ##        ##  ##    ##  ##       ##     ## ##     ##       ## ##
     ##       #### ##     ## ######## ########  ##     ##  ######  ########

You're about to initialize a Firebase project in this directory:

  D:\Dev-Projects\react\react-portfolio-master

[info] 
=== Project Setup
[info] 
[info] First, let's associate this project directory with a Firebase project.
[info] You can create multiple project aliases by running firebase use --add, 
[info] but for now we'll just set up a default project.
[info] 
